<?xml version="1.0" encoding="UTF-8" standalone="yes"?><!DOCTYPE report PUBLIC "-//JACOCO//DTD Report 1.1//EN" "report.dtd"><report name="tourist-repository"><sessioninfo id="MacBook-Air-Computer.local-bc3d280a" start="1737929511258" dump="1737929515550"/><package name="com/guide/touristrepository/repository"><class name="com/guide/touristrepository/repository/RoleRepository" sourcefilename="RoleRepository.java"/><class name="com/guide/touristrepository/repository/DestinationRepository" sourcefilename="DestinationRepository.java"/><class name="com/guide/touristrepository/repository/AttractionRepository" sourcefilename="AttractionRepository.java"/><class name="com/guide/touristrepository/repository/ReviewRepository" sourcefilename="ReviewRepository.java"/><class name="com/guide/touristrepository/repository/UserRepository" sourcefilename="UserRepository.java"/><sourcefile name="DestinationRepository.java"/><sourcefile name="RoleRepository.java"/><sourcefile name="UserRepository.java"/><sourcefile name="AttractionRepository.java"/><sourcefile name="ReviewRepository.java"/></package></report>